{"name": "test_log_in_failed", "status": "failed", "statusDetails": {"message": "AssertionError: assert 'ERROR: Incorrect username or password.' in 'ERROR: Too many failed login attempts. Please try again in 19 minutes.'\n +  where 'ERROR: Too many failed login attempts. Please try again in 19 minutes.' = <bound method MyAccountPage.get_error_msg of <page_object_patern.pages.my_account_page.MyAccountPage object at 0x0000025C01FD8B90>>()\n +    where <bound method MyAccountPage.get_error_msg of <page_object_patern.pages.my_account_page.MyAccountPage object at 0x0000025C01FD8B90>> = <page_object_patern.pages.my_account_page.MyAccountPage object at 0x0000025C01FD8B90>.get_error_msg", "trace": "self = <page_object_patern.tests.login_test.TestLogIn object at 0x0000025C01F45510>\n\n    @allure.description(\"This test execute log in with invalid data\")\n    def test_log_in_failed(self):\n        my_account_page = MyAccountPage(self.driver)\n        my_account_page.open_page()\n        my_account_page.log_in(\"sialalala1@gmail.coml\", \"Tester12345!@#$%\")\n    \n>       assert \"ERROR: Incorrect username or password.\" in my_account_page.get_error_msg()\nE       AssertionError: assert 'ERROR: Incorrect username or password.' in 'ERROR: Too many failed login attempts. Please try again in 19 minutes.'\nE        +  where 'ERROR: Too many failed login attempts. Please try again in 19 minutes.' = <bound method MyAccountPage.get_error_msg of <page_object_patern.pages.my_account_page.MyAccountPage object at 0x0000025C01FD8B90>>()\nE        +    where <bound method MyAccountPage.get_error_msg of <page_object_patern.pages.my_account_page.MyAccountPage object at 0x0000025C01FD8B90>> = <page_object_patern.pages.my_account_page.MyAccountPage object at 0x0000025C01FD8B90>.get_error_msg\n\npage_object_patern\\tests\\login_test.py:24: AssertionError"}, "description": "This test execute log in with invalid data", "steps": [{"name": "open_page", "status": "passed", "start": 1684075876317, "stop": 1684075877080}, {"name": "log_in to (1), (2)", "status": "passed", "attachments": [{"name": "log in", "source": "06af9991-5f6d-4cb4-91ee-fab3684caa56-attachment.png", "type": "image/png"}], "parameters": [{"name": "username", "value": "'sialalala1@gmail.coml'"}, {"name": "password", "value": "'Tester12345!@#$%'"}], "start": 1684075877080, "stop": 1684075877914}], "attachments": [{"name": "stdout", "source": "37861f93-7456-4b4a-89f4-56b712ad6fb8-attachment.txt", "type": "text/plain"}], "start": 1684075876316, "stop": 1684075877940, "uuid": "62563d51-08f0-4ce2-81bc-46450298a5e3", "historyId": "f4b1f1a29402a58bee951e2d821863e0", "testCaseId": "f4b1f1a29402a58bee951e2d821863e0", "fullName": "page_object_patern.tests.login_test.TestLogIn#test_log_in_failed", "labels": [{"name": "tag", "value": "@pytest.mark.usefixtures('setup')"}, {"name": "parentSuite", "value": "page_object_patern.tests"}, {"name": "suite", "value": "login_test"}, {"name": "subSuite", "value": "TestLogIn"}, {"name": "host", "value": "LaptopAsia"}, {"name": "thread", "value": "4704-MainThread"}, {"name": "framework", "value": "pytest"}, {"name": "language", "value": "cpython3"}, {"name": "package", "value": "page_object_patern.tests.login_test"}]}